<?xml version="1.0" encoding="UTF-8"?>
<!-- Generated by org.testng.reporters.JUnitReportReporter -->
<testsuite hostname="USMUMSWKHAIR3" failures="0" tests="1" name="com.E2EPracticeProject001.DemoWebSite.LoginFunctionalityTest" time="30.164" errors="0" timestamp="2021-01-06T21:21:28 IST" skipped="0">
  <testcase classname="com.E2EPracticeProject001.DemoWebSite.LoginFunctionalityTest" name="LoginFunctionality" time="30.164"/>
  <system-out/>
</testsuite> <!-- com.E2EPracticeProject001.DemoWebSite.LoginFunctionalityTest -->
