<?xml version="1.0" encoding="UTF-8"?>
<!-- Generated by org.testng.reporters.JUnitReportReporter -->
<testsuite hostname="USMUMSWKHAIR3" failures="0" tests="1" name="com.e2eproject001.demosite.LoginFunctionalityTest" time="5.497" errors="0" timestamp="08 Jan 2021 17:05:21 GMT" skipped="0">
  <testcase classname="com.e2eproject001.demosite.LoginFunctionalityTest" name="LoginFunctionality" time="5.497"/>
</testsuite> <!-- com.e2eproject001.demosite.LoginFunctionalityTest -->
