<?xml version="1.0" encoding="UTF-8"?>
<!-- Generated by org.testng.reporters.JUnitReportReporter -->
<testsuite hostname="USMUMSWKHAIR3" failures="0" tests="1" name="com.E2EPracticeProject001.DemoWebSite.LoginFunctionalityTest" time="3.467" errors="0" timestamp="08 Jan 2021 07:11:17 GMT" skipped="0">
  <testcase classname="com.E2EPracticeProject001.DemoWebSite.LoginFunctionalityTest" name="LoginFunctionality" time="3.467"/>
</testsuite> <!-- com.E2EPracticeProject001.DemoWebSite.LoginFunctionalityTest -->
